#
# An unexpected error has been detected by Java Runtime Environment:
#
#  EXCEPTION_ACCESS_VIOLATION (0xc0000005) at pc=0x15cbac49, pid=3912, tid=8116
#
# Java VM: Java HotSpot(TM) Client VM (1.6.0-b105 mixed mode)
# Problematic frame:
# C  0x15cbac49
#
# If you would like to submit a bug report, please visit:
#   http://java.sun.com/webapps/bugreport/crash.jsp
#

---------------  T H R E A D  ---------------

Current thread (0x0338c000):  JavaThread "main" [_thread_in_native, id=8116]

siginfo: ExceptionCode=0xc0000005, reading address 0x00000010

Registers:
EAX=0x0007b46c, EBX=0x0edb0ad0, ECX=0x00000004, EDX=0x00000000
ESP=0x00ced004, EBP=0x00ced05c, ESI=0x0edb0ac8, EDI=0x0338c000
EIP=0x15cbac49, EFLAGS=0x00010202

Top of Stack: (sp=0x00ced004)
0x00ced004:   78fb1e5c 00000205 0338b12c 00000000
0x00ced014:   00000000 00ced038 00000000 00000000
0x00ced024:   00000180 13090000 0000005f 13095390
0x00ced034:   13095210 00ced05c 13005ef5 13095210
0x00ced044:   00000000 00000003 00000000 00000000
0x00ced054:   000001e7 003da362 00ced08c 15cbab5f
0x00ced064:   130953f8 00ced098 00ced0b4 0338c000
0x00ced074:   00000001 00000001 00000000 000001e7 

Instructions: (pc=0x15cbac49)
0x15cbac39:   10 8b 4d fc 51 e8 6d 04 00 00 83 c4 04 8b 55 f4
0x15cbac49:   83 7a 10 00 74 33 8b 45 f4 0f b6 48 13 c1 e1 18 


Stack: [0x004f0000,0x00cf0000),  sp=0x00ced004,  free space=8180k
Native frames: (J=compiled Java code, j=interpreted, Vv=VM code, C=native code)
C  0x15cbac49
C  0x15cbab5f
C  0x1580176e
j  MDSplus.Tree.deleteTreeNode(IILjava/lang/String;)V+0
j  MDSplus.Tree.deleteNode(Ljava/lang/String;)V+9
v  ~StubRoutines::call_stub

Java frames: (J=compiled Java code, j=interpreted, Vv=VM code)
j  MDSplus.Tree.deleteTreeNode(IILjava/lang/String;)V+0
j  MDSplus.Tree.deleteNode(Ljava/lang/String;)V+9
v  ~StubRoutines::call_stub

---------------  P R O C E S S  ---------------

Java Threads: ( => current thread )
  0x5d4d1400 JavaThread "Timer-5" [_thread_blocked, id=8156]
  0x5cacf800 JavaThread "Image Fetcher 0" daemon [_thread_blocked, id=6284]
  0x5ccbd000 JavaThread "Thread-17" [_thread_blocked, id=13464]
  0x5d249400 JavaThread "Prefs Updater" [_thread_blocked, id=9560]
  0x12269c00 JavaThread "Thread-9" [_thread_blocked, id=8784]
  0x115a6400 JavaThread "Thread-8" [_thread_blocked, id=5688]
  0x12275800 JavaThread "Active Reference Queue Daemon" daemon [_thread_blocked, id=12496]
  0x5cbc6400 JavaThread "Timer-3" daemon [_thread_blocked, id=9608]
  0x5d2ce000 JavaThread "Timer-2" daemon [_thread_blocked, id=13436]
  0x5cd33400 JavaThread "TimerQueue" daemon [_thread_blocked, id=6072]
  0x5ccdd800 JavaThread "AWT-EventQueue-0" [_thread_blocked, id=4936]
  0x5ccdac00 JavaThread "AWT-Shutdown" [_thread_blocked, id=9976]
  0x1210cc00 JavaThread "Timer-0" [_thread_blocked, id=5960]
  0x120d0c00 JavaThread "AWT-Windows" daemon [_thread_in_native, id=4436]
  0x12104800 JavaThread "Java2D Disposer" daemon [_thread_blocked, id=14068]
  0x11590c00 JavaThread "Low Memory Detector" daemon [_thread_blocked, id=10796]
  0x1158c000 JavaThread "CompilerThread0" daemon [_thread_blocked, id=7984]
  0x1158b000 JavaThread "Attach Listener" daemon [_thread_blocked, id=12268]
  0x1158a400 JavaThread "Signal Dispatcher" daemon [_thread_blocked, id=10512]
  0x11579000 JavaThread "Finalizer" daemon [_thread_blocked, id=8424]
  0x11577c00 JavaThread "Reference Handler" daemon [_thread_blocked, id=7652]
=>0x0338c000 JavaThread "main" [_thread_in_native, id=8116]

Other Threads:
  0x11574c00 VMThread [id=10592]
  0x1159b800 WatcherThread [id=7344]

VM state:not at safepoint (normal execution)

VM Mutex/Monitor currently owned by a thread: None

Heap
 def new generation   total 14784K, used 7325K [0x05450000, 0x06450000, 0x07450000)
  eden space 13184K,  47% used [0x05450000, 0x05a70d58, 0x06130000)
  from space 1600K,  65% used [0x06130000, 0x06236810, 0x062c0000)
  to   space 1600K,   0% used [0x062c0000, 0x062c0000, 0x06450000)
 tenured generation   total 49152K, used 18071K [0x07450000, 0x0a450000, 0x0d450000)
   the space 49152K,  36% used [0x07450000, 0x085f5eb0, 0x085f6000, 0x0a450000)
 compacting perm gen  total 32768K, used 26041K [0x0d450000, 0x0f450000, 0x11450000)
   the space 32768K,  79% used [0x0d450000, 0x0edbe6b0, 0x0edbe800, 0x0f450000)
No shared spaces configured.

Dynamic libraries:
0x00400000 - 0x004eb000 	C:\Program Files\MATLAB\R2007b\bin\win32\MATLAB.exe
0x7c900000 - 0x7c9b2000 	C:\WINDOWS\system32\ntdll.dll
0x7c800000 - 0x7c8f6000 	C:\WINDOWS\system32\kernel32.dll
0x7aca0000 - 0x7aeba000 	C:\Program Files\MATLAB\R2007b\bin\win32\libmwservices.dll
0x7aec0000 - 0x7af1d000 	C:\Program Files\MATLAB\R2007b\bin\win32\libmwmathutil.dll
0x7ac50000 - 0x7ac9f000 	C:\Program Files\MATLAB\R2007b\bin\win32\libmx.dll
0x7ab80000 - 0x7ac4e000 	C:\Program Files\MATLAB\R2007b\bin\win32\libut.dll
0x76c90000 - 0x76cb9000 	C:\WINDOWS\system32\imagehlp.dll
0x77dd0000 - 0x77e6b000 	C:\WINDOWS\system32\ADVAPI32.dll
0x77e70000 - 0x77f03000 	C:\WINDOWS\system32\RPCRT4.dll
0x77fe0000 - 0x77ff1000 	C:\WINDOWS\system32\Secur32.dll
0x77c10000 - 0x77c68000 	C:\WINDOWS\system32\msvcrt.dll
0x76bf0000 - 0x76bfb000 	C:\WINDOWS\system32\PSAPI.DLL
0x789a0000 - 0x78b62000 	C:\Program Files\MATLAB\R2007b\bin\win32\xerces-c_2_7.dll
0x7af20000 - 0x7aff7000 	C:\Program Files\MATLAB\R2007b\bin\win32\icuuc36.dll
0x7a770000 - 0x7a774000 	C:\Program Files\MATLAB\R2007b\bin\win32\icudt36.dll
0x78130000 - 0x781cb000 	C:\WINDOWS\WinSxS\x86_Microsoft.VC80.CRT_1fc8b3b9a1e18e3b_8.0.50727.5592_x-ww_179798c8\MSVCR80.dll
0x71ab0000 - 0x71ac7000 	C:\WINDOWS\system32\WS2_32.dll
0x71aa0000 - 0x71aa8000 	C:\WINDOWS\system32\WS2HELP.dll
0x7a9e0000 - 0x7aaa2000 	C:\Program Files\MATLAB\R2007b\bin\win32\icuin36.dll
0x7a780000 - 0x7a78c000 	C:\Program Files\MATLAB\R2007b\bin\win32\icuio36.dll
0x7c420000 - 0x7c4a7000 	C:\WINDOWS\WinSxS\x86_Microsoft.VC80.CRT_1fc8b3b9a1e18e3b_8.0.50727.5592_x-ww_179798c8\MSVCP80.dll
0x7e410000 - 0x7e4a1000 	C:\WINDOWS\system32\USER32.dll
0x77f10000 - 0x77f59000 	C:\WINDOWS\system32\GDI32.dll
0x78620000 - 0x78632000 	C:\Program Files\MATLAB\R2007b\bin\win32\zlib1.dll
0x79120000 - 0x79154000 	C:\Program Files\MATLAB\R2007b\bin\win32\mpath.dll
0x5d090000 - 0x5d12a000 	C:\WINDOWS\system32\COMCTL32.dll
0x763b0000 - 0x763f9000 	C:\WINDOWS\system32\comdlg32.dll
0x7c9c0000 - 0x7d1d7000 	C:\WINDOWS\system32\SHELL32.dll
0x77f60000 - 0x77fd6000 	C:\WINDOWS\system32\SHLWAPI.dll
0x5b860000 - 0x5b8b5000 	C:\WINDOWS\system32\NETAPI32.dll
0x796e0000 - 0x79713000 	C:\Program Files\MATLAB\R2007b\bin\win32\mcr.dll
0x78500000 - 0x78518000 	C:\Program Files\MATLAB\R2007b\bin\win32\bridge.dll
0x7a790000 - 0x7a79d000 	C:\Program Files\MATLAB\R2007b\bin\win32\iqm.dll
0x7a7b0000 - 0x7a7be000 	C:\Program Files\MATLAB\R2007b\bin\win32\libmex.dll
0x79550000 - 0x795a4000 	C:\Program Files\MATLAB\R2007b\bin\win32\m_dispatcher.dll
0x78520000 - 0x7853c000 	C:\Program Files\MATLAB\R2007b\bin\win32\datasvcs.dll
0x79c60000 - 0x7a0f2000 	C:\Program Files\MATLAB\R2007b\bin\win32\m_interpreter.dll
0x78540000 - 0x78560000 	C:\Program Files\MATLAB\R2007b\bin\win32\libmat.dll
0x7aab0000 - 0x7ab78000 	C:\Program Files\MATLAB\R2007b\bin\win32\libhdf5.dll
0x7a810000 - 0x7a819000 	C:\Program Files\MATLAB\R2007b\bin\win32\libmwmathrng.dll
0x790e0000 - 0x79111000 	C:\Program Files\MATLAB\R2007b\bin\win32\m_ir.dll
0x79790000 - 0x79c58000 	C:\Program Files\MATLAB\R2007b\bin\win32\m_parser.dll
0x7a7a0000 - 0x7a7ac000 	C:\Program Files\MATLAB\R2007b\bin\win32\ir_xfmr.dll
0x782e0000 - 0x783df000 	C:\Program Files\MATLAB\R2007b\bin\win32\mcos.dll
0x7a840000 - 0x7a84a000 	C:\Program Files\MATLAB\R2007b\bin\win32\mtok.dll
0x78580000 - 0x78595000 	C:\Program Files\MATLAB\R2007b\bin\win32\m_pcodegen.dll
0x785a0000 - 0x785b2000 	C:\Program Files\MATLAB\R2007b\bin\win32\m_pcodeio.dll
0x79460000 - 0x794a7000 	C:\Program Files\MATLAB\R2007b\bin\win32\profiler.dll
0x7a760000 - 0x7a76d000 	C:\Program Files\MATLAB\R2007b\bin\win32\boost_thread-vc80-mt-1_33_1.dll
0x7a640000 - 0x7a6c8000 	C:\Program Files\MATLAB\R2007b\bin\win32\udd.dll
0x79410000 - 0x79458000 	C:\Program Files\MATLAB\R2007b\bin\win32\comcli.dll
0x79020000 - 0x79055000 	C:\Program Files\MATLAB\R2007b\bin\win32\jmi.dll
0x71ad0000 - 0x71ad9000 	C:\WINDOWS\system32\WSOCK32.dll
0x7a6d0000 - 0x7a75b000 	C:\Program Files\MATLAB\R2007b\bin\win32\uiw.dll
0x7b000000 - 0x7b0d6000 	C:\Program Files\MATLAB\R2007b\bin\win32\libmwgui.dll
0x78d40000 - 0x78d6a000 	C:\Program Files\MATLAB\R2007b\bin\win32\libmwhardcopy.dll
0x790a0000 - 0x790d2000 	C:\Program Files\MATLAB\R2007b\bin\win32\libuij.dll
0x7a880000 - 0x7a889000 	C:\Program Files\MATLAB\R2007b\bin\win32\uinone.dll
0x781d0000 - 0x782df000 	C:\WINDOWS\WinSxS\x86_Microsoft.VC80.MFC_1fc8b3b9a1e18e3b_8.0.50727.5592_x-ww_e87e0bcd\MFC80.DLL
0x73000000 - 0x73026000 	C:\WINDOWS\system32\WINSPOOL.DRV
0x774e0000 - 0x7761e000 	C:\WINDOWS\system32\ole32.dll
0x77120000 - 0x771ab000 	C:\WINDOWS\system32\OLEAUT32.dll
0x7c630000 - 0x7c64b000 	C:\WINDOWS\WinSxS\x86_Microsoft.VC80.ATL_1fc8b3b9a1e18e3b_8.0.50727.5592_x-ww_7837863c\ATL80.DLL
0x78680000 - 0x787e8000 	C:\Program Files\MATLAB\R2007b\bin\win32\hg.dll
0x787f0000 - 0x7899e000 	C:\Program Files\MATLAB\R2007b\bin\win32\numerics.dll
0x7a7c0000 - 0x7a7c7000 	C:\Program Files\MATLAB\R2007b\bin\win32\libmwamd.dll
0x794b0000 - 0x79508000 	C:\Program Files\MATLAB\R2007b\bin\win32\libmwcholmod.dll
0x7a7f0000 - 0x7a7f7000 	C:\Program Files\MATLAB\R2007b\bin\win32\libmwcolamd.dll
0x78560000 - 0x7857a000 	C:\Program Files\MATLAB\R2007b\bin\win32\libmwlapack.dll
0x7a7d0000 - 0x7a7dc000 	C:\Program Files\MATLAB\R2007b\bin\win32\libmwbinder.dll
0x7a7e0000 - 0x7a7e9000 	C:\Program Files\MATLAB\R2007b\bin\win32\libmwblas.dll
0x7a800000 - 0x7a807000 	C:\Program Files\MATLAB\R2007b\bin\win32\libmwcsparse.dll
0x78d70000 - 0x78d96000 	C:\Program Files\MATLAB\R2007b\bin\win32\libmwma57.dll
0x7a930000 - 0x7a9d9000 	C:\Program Files\MATLAB\R2007b\bin\win32\libifcoremd.dll
0x79160000 - 0x7940c000 	C:\Program Files\MATLAB\R2007b\bin\win32\libmmd.dll
0x79670000 - 0x796dc000 	C:\Program Files\MATLAB\R2007b\bin\win32\libmwumfpack.dll
0x7a5b0000 - 0x7a638000 	C:\Program Files\MATLAB\R2007b\bin\win32\libfftw3.dll
0x7a890000 - 0x7a92c000 	C:\Program Files\MATLAB\R2007b\bin\win32\libfftw3f.dll
0x7a830000 - 0x7a83b000 	C:\Program Files\MATLAB\R2007b\bin\win32\mlautoregister.dll
0x785c0000 - 0x785d2000 	C:\Program Files\MATLAB\R2007b\bin\win32\mwoles05.DLL
0x79720000 - 0x79785000 	C:\Program Files\MATLAB\R2007b\bin\win32\udd_mi.dll
0x6fa00000 - 0x6fa46000 	C:\PROGRA~1\Sophos\SOPHOS~1\SOPHOS~1.DLL
0x773d0000 - 0x774d3000 	C:\WINDOWS\WinSxS\x86_Microsoft.Windows.Common-Controls_6595b64144ccf1df_6.0.2600.6028_x-ww_61e65202\comctl32.dll
0x7a100000 - 0x7a5b0000 	C:\Program Files\MATLAB\R2007b\bin\win32\mllapack.dll
0x7b3f0000 - 0x7bcc7000 	C:\Program Files\MATLAB\R2007b\bin\win32\mkl.dll
0x79060000 - 0x79095000 	C:\Program Files\MATLAB\R2007b\bin\win32\libguide40.dll
0x7b0e0000 - 0x7b0e5000 	C:\Program Files\MATLAB\R2007b\bin\win32\mklcompat.dll
0x74720000 - 0x7476c000 	C:\WINDOWS\system32\MSCTF.dll
0x74290000 - 0x74294000 	C:\WINDOWS\system32\icmp.Dll
0x76d60000 - 0x76d79000 	C:\WINDOWS\system32\iphlpapi.dll
0x78dd0000 - 0x79017000 	C:\Program Files\MATLAB\R2007b\sys\java\jre\win32\jre1.6.0\bin\client\jvm.dll
0x76b40000 - 0x76b6d000 	C:\WINDOWS\system32\WINMM.dll
0x795b0000 - 0x79606000 	C:\Program Files\MATLAB\R2007b\bin\win32\MSVCR71.dll
0x79510000 - 0x79518000 	C:\Program Files\MATLAB\R2007b\sys\java\jre\win32\jre1.6.0\bin\hpi.dll
0x79530000 - 0x7953c000 	C:\Program Files\MATLAB\R2007b\sys\java\jre\win32\jre1.6.0\bin\verify.dll
0x78640000 - 0x7865f000 	C:\Program Files\MATLAB\R2007b\sys\java\jre\win32\jre1.6.0\bin\java.dll
0x79540000 - 0x7954f000 	C:\Program Files\MATLAB\R2007b\sys\java\jre\win32\jre1.6.0\bin\zip.dll
0x78b70000 - 0x78d33000 	C:\Program Files\MATLAB\R2007b\sys\java\jre\win32\jre1.6.0\bin\awt.dll
0x76390000 - 0x763ad000 	C:\WINDOWS\system32\IMM32.dll
0x785e0000 - 0x785f2000 	C:\Program Files\MATLAB\R2007b\bin\win32\nativejava.dll
0x78600000 - 0x78611000 	C:\Program Files\MATLAB\R2007b\bin\win32\nativejmi.dll
0x7a870000 - 0x7a876000 	C:\Program Files\MATLAB\R2007b\bin\win32\nativeservices.dll
0x79610000 - 0x79663000 	C:\Program Files\MATLAB\R2007b\sys\java\jre\win32\jre1.6.0\bin\fontmanager.dll
0x78660000 - 0x78673000 	C:\Program Files\MATLAB\R2007b\sys\java\jre\win32\jre1.6.0\bin\net.dll
0x79520000 - 0x79529000 	C:\Program Files\MATLAB\R2007b\sys\java\jre\win32\jre1.6.0\bin\nio.dll
0x7a860000 - 0x7a866000 	C:\Program Files\MATLAB\R2007b\bin\win32\nativelex.dll
0x7a850000 - 0x7a85c000 	C:\Program Files\MATLAB\R2007b\bin\win32\nativecmdwin.dll
0x6f470000 - 0x6f477000 	C:\Program Files\MATLAB\R2007b\bin\win32\nativemlint.dll
0x6e6a0000 - 0x6e6da000 	C:\Program Files\MATLAB\R2007b\bin\win32\mlint.dll
0x605d0000 - 0x605d9000 	C:\WINDOWS\system32\mslbui.dll
0x78da0000 - 0x78dc3000 	C:\Program Files\MATLAB\R2007b\sys\java\jre\win32\jre1.6.0\bin\dcpr.dll
0x77920000 - 0x77a13000 	C:\WINDOWS\system32\SETUPAPI.dll
0x77b40000 - 0x77b62000 	C:\WINDOWS\system32\appHelp.dll
0x7e5a0000 - 0x7e65a000 	C:\WINDOWS\System32\spool\DRIVERS\W32X86\3\unidrvui.dll
0x77c00000 - 0x77c08000 	C:\WINDOWS\system32\VERSION.dll
0x76fd0000 - 0x7704f000 	C:\WINDOWS\system32\CLBCATQ.DLL
0x77050000 - 0x77115000 	C:\WINDOWS\system32\COMRes.dll
0x661d0000 - 0x663ef000 	C:\Program Files\Microsoft Office\Office12\GrooveShellExtensions.dll
0x68ef0000 - 0x68fe3000 	C:\Program Files\Microsoft Office\Office12\GrooveUtil.DLL
0x5e350000 - 0x5e437000 	C:\WINDOWS\system32\WININET.dll
0x5e440000 - 0x5e449000 	C:\WINDOWS\system32\Normaliz.dll
0x5e450000 - 0x5e584000 	C:\WINDOWS\system32\urlmon.dll
0x5e590000 - 0x5e77c000 	C:\WINDOWS\system32\iertutil.dll
0x77a80000 - 0x77b17000 	C:\WINDOWS\system32\CRYPT32.dll
0x77b20000 - 0x77b32000 	C:\WINDOWS\system32\MSASN1.dll
0x68ff0000 - 0x68ff7000 	C:\Program Files\Microsoft Office\Office12\GrooveNew.DLL
0x68000000 - 0x68036000 	C:\WINDOWS\system32\rsaenh.dll

VM Arguments:
jvm_args: -Xss512k -XX:PermSize=32M -Xms64m -XX:NewRatio=3 -XX:MaxPermSize=64M -Xmx128m -XX:MaxDirectMemorySize=1200000000 -Dsun.java2d.noddraw=true -Dsun.awt.nopixfmt=true -Xshare:off -Djava.library.path=C:\Program Files\MATLAB\R2007b\bin\win32;C:\Program Files\MDSplus\bin_x86 vfprintf abort
java_command: <unknown>
Launcher Type: generic

Environment Variables:
PATH=c:\Program Files\NVIDIA Corporation\PhysX\Common;ommonProgramFiles\Microsoft Shared\Windows Live;C:\WINDOWS\system32;C:\WINDOWS;C:\WINDOWS\System32\Wbem;C:\WINDOWS\system32\WindowsPowerShell\v1.0;C:\Program Files\UWICK\SSH Tectia\SSH Tectia AUX;C:\Program Files\UWICK\SSH Tectia\SSH Tectia AUX/Support binaries;C:\Program Files\UWICK\SSH Tectia\SSH Tectia Broker;C:\Program Files\UWICK\SSH Tectia\SSH Tectia Client;C:\Program Files\MATLAB\R2007b\bin;C:\Program Files\MATLAB\R2007b\bin\win32;C:\Program Files\Phantom;C:\Program Files\MDSplus\\bin_x86;C:\Program Files\MDSplus\;C:\Program Files\IVI Foundation\VISA\WinNT\Bin\;C:\Program Files\IVI Foundation\VISA\WinNT\Bin;C:\Python27;T:\Thomson_HIT\python_scope_read;C:\Anaconda;C:\Anaconda\Scripts
USERNAME=hitsi
OS=Windows_NT
PROCESSOR_IDENTIFIER=x86 Family 6 Model 37 Stepping 2, GenuineIntel



---------------  S Y S T E M  ---------------

OS: Windows XP Build 2600 Service Pack 3

CPU:total 4 family 6, cmov, cx8, fxsr, mmx, sse, sse2

Memory: 4k page, physical 3396692k(1379356k free), swap 4194303k(3478432k free)

vm_info: Java HotSpot(TM) Client VM (1.6.0-b105) for windows-x86, built on Nov 29 2006 00:48:48 by "java_re" with unknown MS VC++:1310

