#
# A fatal error has been detected by the Java Runtime Environment:
#
#  Internal Error (os_windows_x86.cpp:114), pid=10264, tid=8572
#  Error: guarantee(result == -1,"Unexpected result from topLevelExceptionFilter")
#
# JRE version: 6.0_17-b04
# Java VM: Java HotSpot(TM) 64-Bit Server VM (14.3-b01 mixed mode windows-amd64 )
# If you would like to submit a bug report, please visit:
#   http://java.sun.com/webapps/bugreport/crash.jsp
# The crash happened outside the Java Virtual Machine in native code.
# See problematic frame for where to report the bug.
#

---------------  T H R E A D  ---------------

Current thread (0x000000000332e000):  JavaThread "main" [_thread_in_native, id=8572, stack(0x0000000000140000,0x0000000001640000)]

Stack: [0x0000000000140000,0x0000000001640000]
[error occurred during error reporting (printing stack bounds), id 0xc0000005]

Java frames: (J=compiled Java code, j=interpreted, Vv=VM code)
j  com.mathworks.jmi.NativeMatlab.PostMatlabMessage(Ljava/lang/Object;J)V+0
j  com.mathworks.jmi.NativeMatlab.postMatlabMessage(Ljava/lang/Object;J)V+3
j  com.mathworks.jmi.NativeMatlab.postMatlabMessage(Ljava/lang/Object;)V+6
j  com.mathworks.jmi.MatlabLooper.postMatlabMessage(Lcom/mathworks/services/message/MWMessage;Lcom/mathworks/services/message/MWHandler;)V+30
j  com.mathworks.jmi.MatlabMCR.postAsync(Lcom/mathworks/services/message/MWMessage;Lcom/mathworks/jmi/CompletionObserver;Lcom/mathworks/jmi/MatlabListener;)V+34
j  com.mathworks.jmi.MatlabMCR.stderrString(Ljava/lang/String;)V+42
j  com.mathworks.jmi.MatlabErrStream.flush()V+42
j  java.io.PrintStream.write([BII)V+30
j  sun.nio.cs.StreamEncoder.writeBytes()V+120
j  sun.nio.cs.StreamEncoder.implFlushBuffer()V+11
j  sun.nio.cs.StreamEncoder.flushBuffer()V+15
j  java.io.OutputStreamWriter.flushBuffer()V+4
j  java.io.PrintStream.write(Ljava/lang/String;)V+27
j  java.io.PrintStream.print(Ljava/lang/String;)V+9
j  java.io.PrintStream.println(Ljava/lang/Object;)V+11
j  java.lang.Throwable.printStackTrace(Ljava/io/PrintStream;)V+6
j  java.lang.Throwable.printStackTrace()V+4
v  ~StubRoutines::call_stub
j  com.mathworks.jmi.NativeMatlab.PostMatlabMessage(Ljava/lang/Object;J)V+0
j  com.mathworks.jmi.NativeMatlab.postMatlabMessage(Ljava/lang/Object;J)V+3
j  com.mathworks.jmi.NativeMatlab.postMatlabMessage(Ljava/lang/Object;)V+6
j  com.mathworks.jmi.MatlabLooper.postMatlabMessage(Lcom/mathworks/services/message/MWMessage;Lcom/mathworks/services/message/MWHandler;)V+30
j  com.mathworks.jmi.MatlabMCR.postAsync(Lcom/mathworks/services/message/MWMessage;Lcom/mathworks/jmi/CompletionObserver;Lcom/mathworks/jmi/MatlabListener;)V+34
j  com.mathworks.jmi.MatlabMCR.stderrString(Ljava/lang/String;)V+42
j  com.mathworks.jmi.MatlabErrStream.flush()V+42
j  java.io.PrintStream.write([BII)V+30
j  sun.nio.cs.StreamEncoder.writeBytes()V+120
j  sun.nio.cs.StreamEncoder.implFlushBuffer()V+11
j  sun.nio.cs.StreamEncoder.flushBuffer()V+15
j  java.io.OutputStreamWriter.flushBuffer()V+4
j  java.io.PrintStream.write(Ljava/lang/String;)V+27
j  java.io.PrintStream.print(Ljava/lang/String;)V+9
j  java.io.PrintStream.println(Ljava/lang/Object;)V+11
j  java.lang.Throwable.printStackTrace(Ljava/io/PrintStream;)V+6
j  java.lang.Throwable.printStackTrace()V+4
v  ~StubRoutines::call_stub
j  com.mathworks.jmi.NativeMatlab.PostMatlabMessage(Ljava/lang/Object;J)V+0
j  com.mathworks.jmi.NativeMatlab.postMatlabMessage(Ljava/lang/Object;J)V+3
j  com.mathworks.jmi.NativeMatlab.postMatlabMessage(Ljava/lang/Object;)V+6
j  com.mathworks.jmi.MatlabLooper.postMatlabMessage(Lcom/mathworks/services/message/MWMessage;Lcom/mathworks/services/message/MWHandler;)V+30
j  com.mathworks.jmi.MatlabMCR.postAsync(Lcom/mathworks/services/message/MWMessage;Lcom/mathworks/jmi/CompletionObserver;Lcom/mathworks/jmi/MatlabListener;)V+34
j  com.mathworks.jmi.MatlabMCR.stderrString(Ljava/lang/String;)V+42
j  com.mathworks.jmi.MatlabErrStream.flush()V+42
j  java.io.PrintStream.write([BII)V+30
j  sun.nio.cs.StreamEncoder.writeBytes()V+120
j  sun.nio.cs.StreamEncoder.implFlushBuffer()V+11
j  sun.nio.cs.StreamEncoder.flushBuffer()V+15
j  java.io.OutputStreamWriter.flushBuffer()V+4
j  java.io.PrintStream.write(Ljava/lang/String;)V+27
j  java.io.PrintStream.print(Ljava/lang/String;)V+9
j  java.io.PrintStream.println(Ljava/lang/Object;)V+11
j  java.lang.Throwable.printStackTrace(Ljava/io/PrintStream;)V+6
j  java.lang.Throwable.printStackTrace()V+4
v  ~StubRoutines::call_stub

---------------  P R O C E S S  ---------------

Java Threads: ( => current thread )
  0x00000000371b3800 JavaThread "AWT-EventQueue-0" [_thread_blocked, id=10948, stack(0x0000000006c10000,0x0000000006c90000)]
  0x000000004342a800 JavaThread "AWT-EventQueue-0" [_thread_blocked, id=7284, stack(0x0000000006640000,0x00000000066c0000)]
  0x00000000435d9000 JavaThread "Code Analyzer updating thread" [_thread_blocked, id=2756, stack(0x00000000065c0000,0x0000000006640000)]
  0x00000000435df000 JavaThread "Code Analyzer updating thread" [_thread_blocked, id=14444, stack(0x0000000006540000,0x00000000065c0000)]
  0x00000000435d9800 JavaThread "Timer-85" [_thread_blocked, id=14968, stack(0x0000000006280000,0x0000000006300000)]
  0x00000000435db000 JavaThread "pool-2-thread-1" [_thread_blocked, id=6196, stack(0x0000000006110000,0x0000000006190000)]
  0x00000000435d8800 JavaThread "Code Analyzer updating thread" [_thread_blocked, id=6260, stack(0x0000000006090000,0x0000000006110000)]
  0x00000000371b1800 JavaThread "Code Analyzer updating thread" [_thread_blocked, id=7552, stack(0x0000000005f50000,0x0000000005fd0000)]
  0x00000000371b5000 JavaThread "Foxtrot Single Worker Thread #1" daemon [_thread_blocked, id=1996, stack(0x00000000061c0000,0x0000000006240000)]
  0x000000004306c800 JavaThread "Code Analyzer updating thread" [_thread_blocked, id=11072, stack(0x0000000039c90000,0x0000000039d10000)]
  0x000000004306b800 JavaThread "Code Analyzer updating thread" [_thread_blocked, id=4728, stack(0x0000000039c10000,0x0000000039c90000)]
  0x000000004306b000 JavaThread "Code Analyzer updating thread" [_thread_blocked, id=12060, stack(0x0000000039b90000,0x0000000039c10000)]
  0x000000004306a800 JavaThread "Code Analyzer updating thread" [_thread_blocked, id=11692, stack(0x0000000039b10000,0x0000000039b90000)]
  0x0000000042e2a800 JavaThread "Code Analyzer updating thread" [_thread_blocked, id=11696, stack(0x0000000039a90000,0x0000000039b10000)]
  0x0000000042e29000 JavaThread "Code Analyzer updating thread" [_thread_blocked, id=11432, stack(0x0000000039a10000,0x0000000039a90000)]
  0x0000000042e28800 JavaThread "Code Analyzer updating thread" [_thread_blocked, id=10436, stack(0x0000000039990000,0x0000000039a10000)]
  0x0000000042e27800 JavaThread "Code Analyzer updating thread" [_thread_blocked, id=10332, stack(0x0000000039910000,0x0000000039990000)]
  0x0000000042e27000 JavaThread "Code Analyzer updating thread" [_thread_blocked, id=11972, stack(0x0000000039890000,0x0000000039910000)]
  0x0000000042e26000 JavaThread "Code Analyzer updating thread" [_thread_blocked, id=12272, stack(0x0000000039810000,0x0000000039890000)]
  0x0000000042e25800 JavaThread "Code Analyzer updating thread" [_thread_blocked, id=9636, stack(0x0000000039790000,0x0000000039810000)]
  0x0000000042e24800 JavaThread "Code Analyzer updating thread" [_thread_blocked, id=12760, stack(0x0000000039710000,0x0000000039790000)]
  0x0000000042e24000 JavaThread "Code Analyzer updating thread" [_thread_blocked, id=12048, stack(0x0000000039690000,0x0000000039710000)]
  0x0000000042e23800 JavaThread "Code Analyzer updating thread" [_thread_blocked, id=10092, stack(0x0000000039610000,0x0000000039690000)]
  0x000000004342d800 JavaThread "Code Analyzer updating thread" [_thread_blocked, id=10312, stack(0x0000000039590000,0x0000000039610000)]
  0x000000004342d000 JavaThread "Code Analyzer updating thread" [_thread_blocked, id=13044, stack(0x0000000039510000,0x0000000039590000)]
  0x000000004342c000 JavaThread "Code Analyzer updating thread" [_thread_blocked, id=11736, stack(0x0000000039490000,0x0000000039510000)]
  0x000000004342b800 JavaThread "Code Analyzer updating thread" [_thread_blocked, id=10500, stack(0x0000000039410000,0x0000000039490000)]
  0x000000004342a000 JavaThread "Code Analyzer updating thread" [_thread_blocked, id=2456, stack(0x0000000039310000,0x0000000039390000)]
  0x0000000043429000 JavaThread "Code Analyzer updating thread" [_thread_blocked, id=12240, stack(0x0000000039290000,0x0000000039310000)]
  0x0000000043427800 JavaThread "Code Analyzer updating thread" [_thread_blocked, id=10604, stack(0x0000000039210000,0x0000000039290000)]
  0x0000000043427000 JavaThread "Code Analyzer updating thread" [_thread_blocked, id=10032, stack(0x0000000039190000,0x0000000039210000)]
  0x0000000043426800 JavaThread "Code Analyzer updating thread" [_thread_blocked, id=12208, stack(0x0000000039110000,0x0000000039190000)]
  0x00000000380d0800 JavaThread "Code Analyzer updating thread" [_thread_blocked, id=11664, stack(0x0000000039090000,0x0000000039110000)]
  0x00000000380d4800 JavaThread "Code Analyzer updating thread" [_thread_blocked, id=10860, stack(0x0000000039000000,0x0000000039080000)]
  0x00000000380d3000 JavaThread "Active Reference Queue Daemon" daemon [_thread_blocked, id=6368, stack(0x0000000038f80000,0x0000000039000000)]
  0x00000000380d3800 JavaThread "Timer-5" daemon [_thread_blocked, id=12088, stack(0x0000000038f00000,0x0000000038f80000)]
  0x00000000380d1800 JavaThread "Timer queue for AWT thread" daemon [_thread_blocked, id=11512, stack(0x0000000042c80000,0x0000000042d00000)]
  0x00000000380cf800 JavaThread "Prefs Updater" daemon [_thread_blocked, id=10984, stack(0x0000000042b00000,0x0000000042b80000)]
  0x00000000380ce800 JavaThread "Timer-2" [_thread_blocked, id=10492, stack(0x0000000042a80000,0x0000000042b00000)]
  0x00000000380ce000 JavaThread "Timer-1" daemon [_thread_blocked, id=11400, stack(0x0000000042920000,0x00000000429a0000)]
  0x00000000371b7000 JavaThread "FelixPackageAdmin" daemon [_thread_blocked, id=11152, stack(0x000000003c7e0000,0x000000003c860000)]
  0x00000000371b6800 JavaThread "FelixStartLevel" daemon [_thread_blocked, id=10544, stack(0x000000003c760000,0x000000003c7e0000)]
  0x00000000371b5800 JavaThread "FelixDispatchQueue" daemon [_thread_blocked, id=640, stack(0x000000003c6e0000,0x000000003c760000)]
  0x00000000371b4000 JavaThread "TimerQueue" daemon [_thread_blocked, id=11812, stack(0x000000003ac00000,0x000000003ac80000)]
  0x00000000371b2800 JavaThread "com.google.common.base.internal.Finalizer" daemon [_thread_blocked, id=7612, stack(0x00000000379d0000,0x0000000037a50000)]
  0x00000000371b2000 JavaThread "AWT-Shutdown" [_thread_blocked, id=9760, stack(0x0000000037950000,0x00000000379d0000)]
  0x0000000036f37000 JavaThread "Timer-0" [_thread_blocked, id=11308, stack(0x00000000370d0000,0x0000000037150000)]
  0x0000000036f2f800 JavaThread "AWT-Windows" daemon [_thread_blocked, id=12124, stack(0x0000000037050000,0x00000000370d0000)]
  0x0000000036ef6000 JavaThread "Java2D Disposer" daemon [_thread_blocked, id=9396, stack(0x000000000fec0000,0x000000000ff40000)]
  0x0000000036dfd000 JavaThread "JMI Unnamed Thread" [_thread_in_native, id=11180, stack(0x0000000008540000,0x0000000009a40000)]
  0x00000000317af000 JavaThread "Low Memory Detector" daemon [_thread_blocked, id=11776, stack(0x000000000fe40000,0x000000000fec0000)]
  0x00000000317ab000 JavaThread "CompilerThread1" daemon [_thread_blocked, id=10484, stack(0x0000000034250000,0x0000000035750000)]
  0x00000000317a5000 JavaThread "CompilerThread0" daemon [_thread_blocked, id=12092, stack(0x0000000032d50000,0x0000000034250000)]
  0x00000000317a4800 JavaThread "Attach Listener" daemon [_thread_blocked, id=11248, stack(0x000000000fdc0000,0x000000000fe40000)]
  0x000000003174c000 JavaThread "Finalizer" daemon [_thread_blocked, id=9868, stack(0x000000000fd40000,0x000000000fdc0000)]
  0x00000000033ad800 JavaThread "Reference Handler" daemon [_thread_blocked, id=12132, stack(0x000000000fcc0000,0x000000000fd40000)]
=>0x000000000332e000 JavaThread "main" [_thread_in_native, id=8572, stack(0x0000000000140000,0x0000000001640000)]

Other Threads:
  0x00000000033a6000 VMThread [stack: 0x0000000031850000,0x0000000032d50000] [id=11656]
  0x00000000317df800 WatcherThread [stack: 0x0000000035750000,0x0000000036c50000] [id=10256]

VM state:at safepoint (normal execution)

VM Mutex/Monitor currently owned by a thread:  ([mutex/lock_event])
[0x00000000032abe90] Threads_lock - owner thread: 0x00000000033a6000
[0x00000000032ac390] Heap_lock - owner thread: 0x0000000036f2f800

Heap
 PSYoungGen      total 33472K, used 16768K [0x0000000029150000, 0x000000002c250000, 0x000000002c250000)
  eden space 16768K, 100% used [0x0000000029150000,0x000000002a1b0000,0x000000002a1b0000)
  from space 16704K, 0% used [0x000000002a1b0000,0x000000002a1b0000,0x000000002b200000)
  to   space 16704K, 0% used [0x000000002b200000,0x000000002b200000,0x000000002c250000)
 PSOldGen        total 150528K, used 150527K [0x000000001fe50000, 0x0000000029150000, 0x0000000029150000)
  object space 150528K, 99% used [0x000000001fe50000,0x000000002914fff8,0x0000000029150000)
 PSPermGen       total 65088K, used 64817K [0x0000000017e50000, 0x000000001bde0000, 0x000000001fe50000)
  object space 65088K, 99% used [0x0000000017e50000,0x000000001bd9c470,0x000000001bde0000)

Dynamic libraries:
0x0000000140000000 - 0x0000000140029000 	C:\Program Files\MATLAB\R2011a\bin\win64\MATLAB.exe
0x0000000077ec0000 - 0x0000000077ffc000 	C:\WINDOWS\system32\ntdll.dll
0x0000000077d40000 - 0x0000000077eb6000 	C:\WINDOWS\system32\kernel32.dll
0x0000000074460000 - 0x0000000074569000 	C:\Program Files\MATLAB\R2011a\bin\win64\libut.dll
0x00000000758a0000 - 0x0000000075920000 	C:\Program Files\MATLAB\R2011a\bin\win64\libmwi18n.dll
0x0000000180000000 - 0x000000018000b000 	C:\Program Files\MATLAB\R2011a\bin\win64\libmwresource_core.dll
0x0000000078520000 - 0x00000000785f3000 	C:\WINDOWS\WinSxS\amd64_Microsoft.VC90.CRT_1fc8b3b9a1e18e3b_9.0.30729.6161_x-ww_63AF3423\MSVCP90.dll
0x0000000078620000 - 0x00000000786c3000 	C:\WINDOWS\WinSxS\amd64_Microsoft.VC90.CRT_1fc8b3b9a1e18e3b_9.0.30729.6161_x-ww_63AF3423\MSVCR90.dll
0x000000007a3b0000 - 0x000000007a3c0000 	C:\Program Files\MATLAB\R2011a\bin\win64\boost_date_time-vc90-mt-1_40.dll
0x000000007a170000 - 0x000000007a189000 	C:\Program Files\MATLAB\R2011a\bin\win64\boost_filesystem-vc90-mt-1_40.dll
0x000000007a560000 - 0x000000007a569000 	C:\Program Files\MATLAB\R2011a\bin\win64\boost_system-vc90-mt-1_40.dll
0x000000007a2d0000 - 0x000000007a2e2000 	C:\Program Files\MATLAB\R2011a\bin\win64\boost_thread-vc90-mt-1_40.dll
0x000000007a010000 - 0x000000007a035000 	C:\Program Files\MATLAB\R2011a\bin\win64\LIBEXPAT.dll
0x00000000739d0000 - 0x0000000073b8c000 	C:\Program Files\MATLAB\R2011a\bin\win64\icuin42.dll
0x00000000740b0000 - 0x0000000074223000 	C:\Program Files\MATLAB\R2011a\bin\win64\icuuc42.dll
0x000007ff7fee0000 - 0x000007ff7ffe6000 	C:\WINDOWS\system32\ADVAPI32.dll
0x000007ff7fd30000 - 0x000007ff7fed5000 	C:\WINDOWS\system32\RPCRT4.dll
0x000007ff7e9c0000 - 0x000007ff7e9e2000 	C:\WINDOWS\system32\Secur32.dll
0x0000000010000000 - 0x0000000010f47000 	C:\Program Files\MATLAB\R2011a\bin\win64\icudt42.dll
0x0000000073f70000 - 0x000000007407d000 	C:\Program Files\MATLAB\R2011a\bin\win64\libmwfl.dll
0x00000000018f0000 - 0x0000000001983000 	C:\Program Files\MATLAB\R2011a\bin\win64\libmwMATLAB_res.dll
0x000000007a250000 - 0x000000007a263000 	C:\Program Files\MATLAB\R2011a\bin\win64\boost_signals-vc90-mt-1_40.dll
0x00000000019b0000 - 0x00000000019f6000 	C:\Program Files\MATLAB\R2011a\bin\win64\tbb.dll
0x000007ff7e470000 - 0x000007ff7e485000 	C:\WINDOWS\system32\imagehlp.dll
0x000007ff7fc00000 - 0x000007ff7fc86000 	C:\WINDOWS\system32\msvcrt.dll
0x000007ff7e380000 - 0x000007ff7e390000 	C:\WINDOWS\system32\PSAPI.DLL
0x000000007a3d0000 - 0x000000007a3e3000 	C:\Program Files\MATLAB\R2011a\bin\win64\icuio42.dll
0x000007ff724e0000 - 0x000007ff7261e000 	C:\WINDOWS\system32\dbghelp.dll
0x000007ff7fbf0000 - 0x000007ff7fbfb000 	C:\WINDOWS\system32\VERSION.dll
0x0000000077c20000 - 0x0000000077d2c000 	C:\WINDOWS\system32\USER32.dll
0x000007ff7fc90000 - 0x000007ff7fd2c000 	C:\WINDOWS\system32\GDI32.dll
0x000000007bed0000 - 0x000000007c0f5000 	C:\Program Files\MATLAB\R2011a\bin\win64\libmwservices.dll
0x0000000075a20000 - 0x0000000075ab2000 	C:\Program Files\MATLAB\R2011a\bin\win64\libmx.dll
0x000000007a210000 - 0x000000007a226000 	C:\Program Files\MATLAB\R2011a\bin\win64\zlib1.dll
0x0000000074330000 - 0x000000007444b000 	C:\Program Files\MATLAB\R2011a\bin\win64\libmwmathutil.dll
0x0000000075f10000 - 0x0000000075f64000 	C:\Program Files\MATLAB\R2011a\bin\win64\mpath.dll
0x000000007b680000 - 0x000000007b982000 	C:\Program Files\MATLAB\R2011a\bin\win64\mlutil.dll
0x00000000754d0000 - 0x0000000075552000 	C:\Program Files\MATLAB\R2011a\bin\win64\xmlcore.dll
0x000000007bc30000 - 0x000000007be83000 	C:\Program Files\MATLAB\R2011a\bin\win64\xerces-c_2_7.dll
0x000007ff77310000 - 0x000007ff77340000 	C:\WINDOWS\system32\WS2_32.dll
0x000007ff77140000 - 0x000007ff7714c000 	C:\WINDOWS\system32\WS2HELP.dll
0x000007ff7f190000 - 0x000007ff7fb9c000 	C:\WINDOWS\system32\SHELL32.dll
0x000007ff7ef60000 - 0x000007ff7effb000 	C:\WINDOWS\system32\SHLWAPI.dll
0x000007ff76200000 - 0x000007ff762ef000 	C:\WINDOWS\WinSxS\amd64_Microsoft.Windows.Common-Controls_6595b64144ccf1df_5.82.3790.5190_x-ww_04280519\COMCTL32.dll
0x000007ff7d540000 - 0x000007ff7d5b7000 	C:\WINDOWS\system32\COMDLG32.dll
0x000007ff77370000 - 0x000007ff77409000 	C:\WINDOWS\system32\NETAPI32.dll
0x000007ff57140000 - 0x000007ff573c7000 	C:\WINDOWS\system32\ole32.dll
0x000007ff7ebc0000 - 0x000007ff7ecd6000 	C:\WINDOWS\system32\OLEAUT32.dll
0x0000000074970000 - 0x0000000074a34000 	C:\Program Files\MATLAB\R2011a\bin\win64\mcr.dll
0x0000000075000000 - 0x00000000750e4000 	C:\Program Files\MATLAB\R2011a\bin\win64\iqm.dll
0x0000000001ab0000 - 0x000000000224c000 	C:\Program Files\MATLAB\R2011a\bin\win64\m_interpreter.dll
0x0000000002260000 - 0x000000000226f000 	C:\Program Files\MATLAB\R2011a\bin\win64\libmex.dll
0x0000000074e80000 - 0x0000000074f24000 	C:\Program Files\MATLAB\R2011a\bin\win64\m_dispatcher.dll
0x0000000074880000 - 0x0000000074945000 	C:\Program Files\MATLAB\R2011a\bin\win64\boost_regex-vc90-mt-1_40.dll
0x0000000075430000 - 0x00000000754af000 	C:\Program Files\MATLAB\R2011a\bin\win64\profiler.dll
0x0000000079f40000 - 0x0000000079f6c000 	C:\Program Files\MATLAB\R2011a\bin\win64\libmwmathrng.dll
0x000000007a1b0000 - 0x000000007a1d0000 	C:\Program Files\MATLAB\R2011a\bin\win64\m_pcodeio.dll
0x0000000079b10000 - 0x0000000079b71000 	C:\Program Files\MATLAB\R2011a\bin\win64\m_ir.dll
0x0000000078ed0000 - 0x000000007950b000 	C:\Program Files\MATLAB\R2011a\bin\win64\m_parser.dll
0x000000007a2f0000 - 0x000000007a309000 	C:\Program Files\MATLAB\R2011a\bin\win64\ir_xfmr.dll
0x000000007b0a0000 - 0x000000007b2eb000 	C:\Program Files\MATLAB\R2011a\bin\win64\mcos.dll
0x000000007a4c0000 - 0x000000007a4cc000 	C:\Program Files\MATLAB\R2011a\bin\win64\mtok.dll
0x000000007a130000 - 0x000000007a15b000 	C:\Program Files\MATLAB\R2011a\bin\win64\m_pcodegen.dll
0x0000000076160000 - 0x00000000761c2000 	C:\Program Files\MATLAB\R2011a\bin\win64\libmwspmatrix.dll
0x0000000079fb0000 - 0x0000000079fde000 	C:\Program Files\MATLAB\R2011a\bin\win64\libmwbridge.dll
0x0000000074f40000 - 0x0000000074ff9000 	C:\Program Files\MATLAB\R2011a\bin\win64\udd.dll
0x0000000073cc0000 - 0x0000000073e01000 	C:\Program Files\MATLAB\R2011a\bin\win64\libmwgui.dll
0x000000007a1d0000 - 0x000000007a1e7000 	C:\Program Files\MATLAB\R2011a\bin\win64\graphics_util.dll
0x0000000002380000 - 0x0000000002c00000 	C:\Program Files\MATLAB\R2011a\bin\win64\hg.dll
0x0000000076100000 - 0x000000007614f000 	C:\Program Files\MATLAB\R2011a\bin\win64\libmat.dll
0x0000000072d30000 - 0x0000000072f33000 	C:\Program Files\MATLAB\R2011a\bin\win64\libhdf5.dll
0x0000000075710000 - 0x000000007578b000 	C:\Program Files\MATLAB\R2011a\bin\win64\jmi.dll
0x0000000002c40000 - 0x0000000002c4e000 	C:\Program Files\MATLAB\R2011a\bin\win64\nativejava_services.dll
0x0000000002c60000 - 0x0000000002c9c000 	C:\Program Files\MATLAB\R2011a\bin\win64\libmwhardcopy.dll
0x0000000075c70000 - 0x0000000075cc8000 	C:\Program Files\MATLAB\R2011a\bin\win64\libuij.dll
0x0000000072f50000 - 0x0000000073133000 	C:\Program Files\MATLAB\R2011a\bin\win64\hgdatatypes.dll
0x0000000074db0000 - 0x0000000074e6c000 	C:\Program Files\MATLAB\R2011a\bin\win64\hgutils.dll
0x0000000075820000 - 0x000000007589c000 	C:\Program Files\MATLAB\R2011a\bin\win64\libmwlapack.dll
0x000000007a310000 - 0x000000007a322000 	C:\Program Files\MATLAB\R2011a\bin\win64\libmwbinder.dll
0x000000007a4d0000 - 0x000000007a4db000 	C:\Program Files\MATLAB\R2011a\bin\win64\libmwompwrapper.dll
0x0000000002d10000 - 0x0000000002fd4000 	C:\Program Files\MATLAB\R2011a\bin\win64\uiw.dll
0x000000007a550000 - 0x000000007a55a000 	C:\Program Files\MATLAB\R2011a\bin\win64\uinone.dll
0x00000000786d0000 - 0x0000000078bb4000 	C:\WINDOWS\WinSxS\amd64_Microsoft.VC90.MFC_1fc8b3b9a1e18e3b_9.0.30729.6161_x-ww_3495A728\mfc90.dll
0x000007ff7d310000 - 0x000007ff7d316000 	C:\WINDOWS\system32\MSIMG32.dll
0x000007ff78f10000 - 0x000007ff78f51000 	C:\WINDOWS\system32\WINSPOOL.DRV
0x0000000003000000 - 0x00000000030a9000 	C:\Program Files\MATLAB\R2011a\bin\win64\udd_mi.dll
0x000000007a1f0000 - 0x000000007a20b000 	C:\Program Files\MATLAB\R2011a\bin\win64\mwoles05.DLL
0x00000000030d0000 - 0x000000000313e000 	C:\Program Files\MATLAB\R2011a\bin\win64\comcli.dll
0x0000000079590000 - 0x00000000795bf000 	C:\WINDOWS\WinSxS\amd64_Microsoft.VC90.ATL_1fc8b3b9a1e18e3b_9.0.30729.6161_x-ww_C44F2197\ATL90.DLL
0x000000007a450000 - 0x000000007a45c000 	C:\Program Files\MATLAB\R2011a\bin\win64\mlautoregister.dll
0x0000000003160000 - 0x000000000316d000 	C:\Program Files\MATLAB\R2011a\bin\win64\boost_iostreams-vc90-mt-1_40.dll
0x000007ff7d500000 - 0x000007ff7d539000 	C:\WINDOWS\system32\IMM32.DLL
0x000000006fa00000 - 0x000000006fa38000 	C:\PROGRA~2\Sophos\SOPHOS~1\SOPHOS~2.DLL
0x000007ff7f000000 - 0x000007ff7f187000 	C:\WINDOWS\WinSxS\amd64_Microsoft.Windows.Common-Controls_6595b64144ccf1df_6.0.3790.5190_x-ww_639C4A9E\comctl32.dll
0x000007ff77230000 - 0x000007ff772af000 	C:\WINDOWS\system32\UxTheme.dll
0x000000005d360000 - 0x000000005d36d000 	C:\WINDOWS\WinSxS\amd64_Microsoft.VC90.MFCLOC_1fc8b3b9a1e18e3b_9.0.30729.6161_x-ww_A5161AE8\MFC90ENU.DLL
0x00000000082c0000 - 0x000000000847b000 	C:\Program Files\NVIDIA Corporation\nView\nview64.dll
0x000007ff7e240000 - 0x000007ff7e290000 	C:\WINDOWS\system32\WINMM.dll
0x000007ff7e4c0000 - 0x000007ff7e4fc000 	C:\WINDOWS\system32\NTMARTA.DLL
0x000007ff7e950000 - 0x000007ff7e9b6000 	C:\WINDOWS\system32\WLDAP32.dll
0x000007ff77150000 - 0x000007ff77166000 	C:\WINDOWS\system32\SAMLIB.dll
0x000007ff7a410000 - 0x000007ff7a4af000 	C:\WINDOWS\system32\MSCTF.dll
0x000007ff7ce50000 - 0x000007ff7ce91000 	C:\WINDOWS\system32\apphelp.dll
0x000007ff58af0000 - 0x000007ff58b4c000 	C:\WINDOWS\system32\msctfime.ime
0x0000000009a40000 - 0x0000000009a69000 	C:\Program Files\MATLAB\R2011a\bin\win64\tbbmalloc.dll
0x000007ff799e0000 - 0x000007ff799e4000 	C:\WINDOWS\system32\icmp.Dll
0x000007ff57040000 - 0x000007ff57071000 	C:\WINDOWS\system32\iphlpapi.dll
0x000007ff771b0000 - 0x000007ff7722d000 	C:\WINDOWS\System32\mswsock.dll
0x000007ff7e8f0000 - 0x000007ff7e93f000 	C:\WINDOWS\system32\DNSAPI.dll
0x000007ff7e9f0000 - 0x000007ff7e9fb000 	C:\WINDOWS\System32\winrnr.dll
0x0000000063560000 - 0x0000000063569000 	C:\Program Files\National Instruments\Shared\mDNS Responder\nimdnsNSP.dll
0x0000000063550000 - 0x000000006355c000 	C:\WINDOWS\system32\nimdnsResponder.dll
0x000007ff7ea00000 - 0x000007ff7ea07000 	C:\WINDOWS\system32\rasadhlp.dll
0x000000006fa40000 - 0x000000006fa63000 	C:\Documents and Settings\All Users\Application Data\Sophos\Web Intelligence\swi_ifslsp_64.dll
0x000007ff6d200000 - 0x000007ff6d293000 	C:\WINDOWS\system32\hnetcfg.dll
0x000007ff77170000 - 0x000007ff7717b000 	C:\WINDOWS\System32\wshtcpip.dll
0x000000000b0d0000 - 0x000000000b397000 	C:\WINDOWS\system32\xpsp2res.dll
0x000007ff7ea10000 - 0x000007ff7eaee000 	C:\WINDOWS\system32\CLBCatQ.DLL
0x000007ff7eaf0000 - 0x000007ff7ebb6000 	C:\WINDOWS\system32\COMRes.dll
0x000000000f3c0000 - 0x000000000fa1d000 	C:\Program Files\MATLAB\R2011a\sys\java\jre\win64\jre\bin\server\jvm.dll
0x000000007a440000 - 0x000000007a44e000 	C:\Program Files\MATLAB\R2011a\sys\java\jre\win64\jre\bin\verify.dll
0x000000007a070000 - 0x000000007a097000 	C:\Program Files\MATLAB\R2011a\sys\java\jre\win64\jre\bin\java.dll
0x000000007a540000 - 0x000000007a54a000 	C:\Program Files\MATLAB\R2011a\sys\java\jre\win64\jre\bin\hpi.dll
0x000000007a370000 - 0x000000007a382000 	C:\Program Files\MATLAB\R2011a\sys\java\jre\win64\jre\bin\zip.dll
0x000007ff666a0000 - 0x000007ff666ad000 	C:\WINDOWS\system32\mslbui.dll
0x0000000075b90000 - 0x0000000075bfb000 	C:\Program Files\MATLAB\R2011a\sys\java\jre\win64\jre\bin\fontmanager.dll
0x0000000073150000 - 0x0000000073311000 	C:\Program Files\MATLAB\R2011a\sys\java\jre\win64\jre\bin\awt.dll
0x0000000079cf0000 - 0x0000000079d36000 	C:\Program Files\MATLAB\R2011a\bin\win64\nativejmi.dll

VM Arguments:
jvm_args: -Xss512k -XX:PermSize=32m -Xms64m -XX:NewRatio=3 -XX:MaxPermSize=128m -Xmx196m -XX:MaxDirectMemorySize=2147400000 -Dsun.java2d.noddraw=true -Dsun.awt.nopixfmt=true -Xshare:off -Xrs -Dsun.awt.disableMixing=true -Djava.library.path=C:\Program Files\MATLAB\R2011a\bin\win64;C:\Program Files\MDSplus\bin_x86_64 vfprintf abort 
java_command: <unknown>
Launcher Type: generic

Environment Variables:
PATH=C:\Program Files (x86)\NVIDIA Corporation\PhysX\Common;C:\WINDOWS\system32;C:\WINDOWS;C:\WINDOWS\System32\Wbem;C:\Program Files\MATLAB\R2011a\runtime\win64;C:\Program Files\MATLAB\R2011a\bin;C:\Program Files (x86)\Phantom;C:\Program Files\MDSplus\\bin_x86_64;C:\Program Files\MDSplus\\bin_x86;C:\Program Files\MDSplus\
USERNAME=hitsi
OS=Windows_NT
PROCESSOR_IDENTIFIER=EM64T Family 6 Model 42 Stepping 7, GenuineIntel



---------------  S Y S T E M  ---------------

OS: Windows Server 2003 family Build 3790 Service Pack 2

CPU:total 4 (8 cores per cpu, 2 threads per core) family 6 model 42 stepping 7, cmov, cx8, fxsr, mmx, sse, sse2, sse3, ssse3, sse4.1, sse4.2, ht

Memory: 4k page, physical 8362828k(4924688k free), swap 10020552k(6870048k free)

vm_info: Java HotSpot(TM) 64-Bit Server VM (14.3-b01) for windows-amd64 JRE (1.6.0_17-b04), built on Oct 11 2009 00:46:08 by "java_re" with MS VC++ 8.0

time: Thu Jul 24 14:57:58 2014
elapsed time: 4077 seconds

